#
# There is insufficient memory for the Java Runtime Environment to continue.
# Native memory allocation (mmap) failed to map 130023424 bytes for Failed to commit area from 0x0000000084800000 to 0x000000008c400000 of length 130023424.
# Possible reasons:
#   The system is out of physical RAM or swap space
#   The process is running with CompressedOops enabled, and the Java Heap may be blocking the growth of the native heap
# Possible solutions:
#   Reduce memory load on the system
#   Increase physical memory or swap space
#   Check if swap backing store is full
#   Decrease Java heap size (-Xmx/-Xms)
#   Decrease number of Java threads
#   Decrease Java thread stack sizes (-Xss)
#   Set larger code cache with -XX:ReservedCodeCacheSize=
# This output file may be truncated or incomplete.
#
#  Out of Memory Error (./src/hotspot/os/windows/os_windows.cpp:3329), pid=9916, tid=11220
#
# JRE version:  (13.0.14+5) (build )
# Java VM: OpenJDK 64-Bit Server VM (13.0.14+5-MTS, mixed mode, sharing, tiered, compressed oops, g1 gc, windows-amd64)
# No core dump will be written. Minidumps are not enabled by default on client versions of Windows
#

---------------  S U M M A R Y ------------

Command Line: -XX:TieredStopAtLevel=1 -Dspring.output.ansi.enabled=always -Dcom.sun.management.jmxremote -Dspring.jmx.enabled=true -Dspring.liveBeansView.mbeanDomain -Dspring.application.admin.enabled=true -Dmanagement.endpoints.jmx.exposure.include=* -javaagent:C:\Program Files\JetBrains\IntelliJ IDEA 2023.1.1\lib\idea_rt.jar=64919:C:\Program Files\JetBrains\IntelliJ IDEA 2023.1.1\bin -Dfile.encoding=UTF-8 hello.hellospring.HelloSpringApplication

Host: 11th Gen Intel(R) Core(TM) i5-1135G7 @ 2.40GHz, 8 cores, 7G,  Windows 11 , 64 bit Build 22621 (10.0.22621.1635)
Time: Tue May 16 21:32:38 2023 대한민국 표준시 elapsed time: 0.045469 seconds (0d 0h 0m 0s)

---------------  T H R E A D  ---------------

Current thread (0x000001e5da54c800):  JavaThread "Unknown thread" [_thread_in_vm, id=11220, stack(0x00000050bcb00000,0x00000050bcc00000)]

Stack: [0x00000050bcb00000,0x00000050bcc00000]
Native frames: (J=compiled Java code, j=interpreted, Vv=VM code, C=native code)
V  [jvm.dll+0x637a8a]
V  [jvm.dll+0x7e4d2a]
V  [jvm.dll+0x7e63e3]
V  [jvm.dll+0x7e6a23]
V  [jvm.dll+0x250618]
V  [jvm.dll+0x634c7a]
V  [jvm.dll+0x629935]
V  [jvm.dll+0x30fe4c]
V  [jvm.dll+0x30fc82]
V  [jvm.dll+0x3153f6]
V  [jvm.dll+0x35cb36]
V  [jvm.dll+0x35c310]
V  [jvm.dll+0x2ea5fa]
V  [jvm.dll+0x2eb892]
V  [jvm.dll+0x7c1858]
V  [jvm.dll+0x36a599]
V  [jvm.dll+0x7a3545]
V  [jvm.dll+0x3d7a2f]
V  [jvm.dll+0x3d9fa1]
C  [jli.dll+0x522f]
C  [ucrtbase.dll+0x29363]
C  [KERNEL32.DLL+0x126ad]
C  [ntdll.dll+0x5a9f8]


---------------  P R O C E S S  ---------------

Threads class SMR info:
_java_thread_list=0x00007ff8dc3907d8, length=0, elements={
}

Java Threads: ( => current thread )

Other Threads:
  0x000001e5da590800 GCTaskThread "GC Thread#0" [stack: 0x00000050bcc00000,0x00000050bcd00000] [id=19548]
  0x000001e5da5a1800 ConcurrentGCThread "G1 Main Marker" [stack: 0x00000050bcd00000,0x00000050bce00000] [id=19144]
  0x000001e5da5a3800 ConcurrentGCThread "G1 Conc#0" [stack: 0x00000050bce00000,0x00000050bcf00000] [id=10652]

[error occurred during error reporting (printing all threads), id 0xc0000005, EXCEPTION_ACCESS_VIOLATION (0xc0000005) at pc=0x00007ff8dbb3a567]

VM state:not at safepoint (not fully initialized)

VM Mutex/Monitor currently owned by a thread:  ([mutex/lock_event])
[0x000001e5da548e80] Heap_lock - owner thread: 0x000001e5da54c800

Heap address: 0x0000000084800000, size: 1976 MB, Compressed Oops mode: Non-zero based: 0x0000000084800000
Narrow klass base: 0x0000000000000000, Narrow klass shift: 0

GC Heap History (0 events):
No events

Deoptimization events (0 events):
No events

Classes unloaded (0 events):
No events

Classes redefined (0 events):
No events

Internal exceptions (0 events):
No events

Events (1 events):
Event: 0.032 Loaded shared library C:\Users\minjo\.jdks\azul-13.0.14\bin\zip.dll


Dynamic libraries:
0x00007ff7bb830000 - 0x00007ff7bb83d000 	C:\Users\minjo\.jdks\azul-13.0.14\bin\java.exe
0x00007ff939fb0000 - 0x00007ff93a1c4000 	C:\WINDOWS\SYSTEM32\ntdll.dll
0x00007ff939b60000 - 0x00007ff939c22000 	C:\WINDOWS\System32\KERNEL32.DLL
0x00007ff937570000 - 0x00007ff937913000 	C:\WINDOWS\System32\KERNELBASE.dll
0x00007ff937990000 - 0x00007ff937aa1000 	C:\WINDOWS\System32\ucrtbase.dll
0x00007ff92fc00000 - 0x00007ff92fc18000 	C:\Users\minjo\.jdks\azul-13.0.14\bin\jli.dll
0x00007ff926c20000 - 0x00007ff926c35000 	C:\Users\minjo\.jdks\azul-13.0.14\bin\VCRUNTIME140.dll
0x00007ff939760000 - 0x00007ff93990b000 	C:\WINDOWS\System32\USER32.dll
0x00007ff937540000 - 0x00007ff937566000 	C:\WINDOWS\System32\win32u.dll
0x00007ff939e10000 - 0x00007ff939e39000 	C:\WINDOWS\System32\GDI32.dll
0x00007ff937b70000 - 0x00007ff937c88000 	C:\WINDOWS\System32\gdi32full.dll
0x00007ff937d10000 - 0x00007ff937daa000 	C:\WINDOWS\System32\msvcp_win.dll
0x00007ff90e120000 - 0x00007ff90e3ae000 	C:\WINDOWS\WinSxS\amd64_microsoft.windows.common-controls_6595b64144ccf1df_6.0.22621.1635_none_270f70857386168e\COMCTL32.dll
0x00007ff9396b0000 - 0x00007ff939757000 	C:\WINDOWS\System32\msvcrt.dll
0x00007ff938400000 - 0x00007ff938431000 	C:\WINDOWS\System32\IMM32.DLL
0x00007ff926b80000 - 0x00007ff926c1b000 	C:\Users\minjo\.jdks\azul-13.0.14\bin\msvcp140.dll
0x00007ff8db840000 - 0x00007ff8dc438000 	C:\Users\minjo\.jdks\azul-13.0.14\bin\server\jvm.dll
0x00007ff939990000 - 0x00007ff939a3e000 	C:\WINDOWS\System32\ADVAPI32.dll
0x00007ff9385f0000 - 0x00007ff938694000 	C:\WINDOWS\System32\sechost.dll
0x00007ff9382c0000 - 0x00007ff9383d7000 	C:\WINDOWS\System32\RPCRT4.dll
0x00007ff939f10000 - 0x00007ff939f18000 	C:\WINDOWS\System32\PSAPI.DLL
0x00007ff92c740000 - 0x00007ff92c774000 	C:\WINDOWS\SYSTEM32\WINMM.dll
0x00007ff90b9f0000 - 0x00007ff90b9f9000 	C:\WINDOWS\SYSTEM32\WSOCK32.dll
0x00007ff92caf0000 - 0x00007ff92cafa000 	C:\WINDOWS\SYSTEM32\VERSION.dll
0x00007ff939910000 - 0x00007ff939981000 	C:\WINDOWS\System32\WS2_32.dll
0x00007ff936510000 - 0x00007ff936528000 	C:\WINDOWS\SYSTEM32\kernel.appcore.dll
0x00007ff933e50000 - 0x00007ff933e60000 	C:\Users\minjo\.jdks\azul-13.0.14\bin\verify.dll
0x00007ff934d70000 - 0x00007ff934f9e000 	C:\WINDOWS\SYSTEM32\DBGHELP.DLL
0x00007ff939320000 - 0x00007ff9396a9000 	C:\WINDOWS\System32\combase.dll
0x00007ff9386a0000 - 0x00007ff938777000 	C:\WINDOWS\System32\OLEAUT32.dll
0x00007ff928bc0000 - 0x00007ff928bf2000 	C:\WINDOWS\SYSTEM32\dbgcore.DLL
0x00007ff937c90000 - 0x00007ff937d0b000 	C:\WINDOWS\System32\bcryptPrimitives.dll
0x00007ff926b50000 - 0x00007ff926b76000 	C:\Users\minjo\.jdks\azul-13.0.14\bin\java.dll
0x00007ff926b40000 - 0x00007ff926b4a000 	C:\Users\minjo\.jdks\azul-13.0.14\bin\jimage.dll
0x00007ff9339a0000 - 0x00007ff9339ae000 	C:\Users\minjo\.jdks\azul-13.0.14\bin\instrument.dll
0x00007ff926b20000 - 0x00007ff926b37000 	C:\Users\minjo\.jdks\azul-13.0.14\bin\zip.dll

dbghelp: loaded successfully - version: 4.0.5 - missing functions: none
symbol engine: initialized successfully - sym options: 0x614 - pdb path: .;C:\Users\minjo\.jdks\azul-13.0.14\bin;C:\WINDOWS\SYSTEM32;C:\WINDOWS\WinSxS\amd64_microsoft.windows.common-controls_6595b64144ccf1df_6.0.22621.1635_none_270f70857386168e;C:\Users\minjo\.jdks\azul-13.0.14\bin\server

VM Arguments:
jvm_args: -XX:TieredStopAtLevel=1 -Dspring.output.ansi.enabled=always -Dcom.sun.management.jmxremote -Dspring.jmx.enabled=true -Dspring.liveBeansView.mbeanDomain -Dspring.application.admin.enabled=true -Dmanagement.endpoints.jmx.exposure.include=* -javaagent:C:\Program Files\JetBrains\IntelliJ IDEA 2023.1.1\lib\idea_rt.jar=64919:C:\Program Files\JetBrains\IntelliJ IDEA 2023.1.1\bin -Dfile.encoding=UTF-8 
java_command: hello.hellospring.HelloSpringApplication
java_class_path (initial): C:\Spring Study\spring-introduction-master\out\production\classes;C:\Spring Study\spring-introduction-master\out\production\resources;C:\Users\minjo\.gradle\caches\modules-2\files-2.1\org.springframework.boot\spring-boot-starter-thymeleaf\2.3.4.RELEASE\421f81dc02f831ec9d2a5e29b5bb1186b1ada15\spring-boot-starter-thymeleaf-2.3.4.RELEASE.jar;C:\Users\minjo\.gradle\caches\modules-2\files-2.1\org.springframework.boot\spring-boot-starter-web\2.3.4.RELEASE\fe00611add5307c1f25f955b5229b7dddaaa2ff4\spring-boot-starter-web-2.3.4.RELEASE.jar;C:\Users\minjo\.gradle\caches\modules-2\files-2.1\org.springframework.boot\spring-boot-starter-data-jpa\2.3.4.RELEASE\a8b9828649248d762d1d3fc6898c8d7e471e1a8e\spring-boot-starter-data-jpa-2.3.4.RELEASE.jar;C:\Users\minjo\.gradle\caches\modules-2\files-2.1\org.springframework.boot\spring-boot-starter\2.3.4.RELEASE\cfeb7cce94a342b4b31b64c42a82c287c2f17207\spring-boot-starter-2.3.4.RELEASE.jar;C:\Users\minjo\.gradle\caches\modules-2\files-2.1\org.thymeleaf\thymeleaf-spring5\3.0.11.RELEASE\de7bf0adf13b5e9c4811f95edf18279da193c0c6\thymeleaf-spring5-3.0.11.RELEASE.jar;C:\Users\minjo\.gradle\caches\modules-2\files-2.1\org.thymeleaf.extras\thymeleaf-extras-java8time\3.0.4.RELEASE\36e7175ddce36c486fff4578b5af7bb32f54f5df\thymeleaf-extras-java8time-3.0.4.RELEASE.jar;C:\Users\minjo\.gradle\caches\modules-2\files-2.1\org.springframework.boot\spring-boot-starter-json\2.3.4.RELEASE\1fac4d2fa9d2827e5e7a2c11ccc50f8dea2e95b\spring-boot-starter-json-2.3.4.RELEASE.jar;C:\Users\minjo\.gradle\caches\modules-2\files-2.1\org.springframework.boot\spring-boot-starter-tomcat\2.3.4.RELEASE\acffbb94a26dd1b7e9c38795797197e2dcb9d2e5\spring-boot-starter-tomcat-2.3.4.RELEASE.jar;C:\Users\minjo\.gradle\caches\modules-2\files-2.1\org.springframework\spring-webmvc\5.2.9.RELEASE\bec8682df7622707f067f98457ee95a8f276de80\spring-webmvc-5.2.9.RELEASE.jar;C:\Users\minjo\.gradle\caches\modules-2\files-2.1\org.springframework\spring-web\5.2.9.RELEASE\4b
Launcher Type: SUN_STANDARD

[Global flags]
     intx CICompilerCount                          = 4                                         {product} {ergonomic}
     uint ConcGCThreads                            = 2                                         {product} {ergonomic}
     uint G1ConcRefinementThreads                  = 8                                         {product} {ergonomic}
   size_t G1HeapRegionSize                         = 1048576                                   {product} {ergonomic}
    uintx GCDrainStackTargetSize                   = 64                                        {product} {ergonomic}
   size_t InitialHeapSize                          = 130023424                                 {product} {ergonomic}
     bool ManagementServer                         = true                                      {product} {command line}
   size_t MarkStackSize                            = 4194304                                   {product} {ergonomic}
   size_t MaxHeapSize                              = 2071986176                                {product} {ergonomic}
   size_t MinHeapDeltaBytes                        = 1048576                                   {product} {ergonomic}
   size_t MinHeapSize                              = 8388608                                   {product} {ergonomic}
    uintx NonNMethodCodeHeapSize                   = 7549744                                {pd product} {ergonomic}
    uintx NonProfiledCodeHeapSize                  = 244108496                              {pd product} {ergonomic}
    uintx ProfiledCodeHeapSize                     = 0                                      {pd product} {ergonomic}
    uintx ReservedCodeCacheSize                    = 251658240                              {pd product} {ergonomic}
     bool SegmentedCodeCache                       = true                                      {product} {ergonomic}
   size_t SoftMaxHeapSize                          = 2071986176                             {manageable} {ergonomic}
     intx TieredStopAtLevel                        = 1                                         {product} {command line}
     bool UseCompressedClassPointers               = true                                 {lp64_product} {ergonomic}
     bool UseCompressedOops                        = true                                 {lp64_product} {ergonomic}
     bool UseG1GC                                  = true                                      {product} {ergonomic}
     bool UseLargePagesIndividualAllocation        = false                                  {pd product} {ergonomic}

Logging:
Log output configuration:
 #0: stdout all=warning uptime,level,tags
 #1: stderr all=off uptime,level,tags

Environment Variables:
PATH=C:\Program Files\MySQL\MySQL Server 5.7\bin;C:\oraclexe\app\oracle\product\11.2.0\server\bin;C:\Program Files\Common Files\Oracle\Java\javapath;C:\Program Files (x86)\Common Files\Oracle\Java\javapath;C:\WINDOWS\system32;C:\WINDOWS;C:\WINDOWS\System32\Wbem;C:\WINDOWS\System32\WindowsPowerShell\v1.0\;C:\WINDOWS\System32\OpenSSH\;C:\Program Files\dotnet\;C:\Program Files\Bandizip\;C:\Program Files (x86)\MySQL\MySQL Fabric 1.5 & MySQL Utilities 1.5\;C:\Program Files (x86)\MySQL\MySQL Fabric 1.5 & MySQL Utilities 1.5\Doctrine extensions for PHP\;;C:\WINDOWS\system32;C:\WINDOWS;C:\WINDOWS\System32\Wbem;C:\WINDOWS\System32\WindowsPowerShell\v1.0\;C:\WINDOWS\System32\OpenSSH\;C:\Program Files\nodejs\;C:\Users\minjo\AppData\Local\Microsoft\WindowsApps;C:\Users\minjo\.dotnet\tools;C:\Users\minjo\AppData\Local\Programs\Microsoft VS Code\bin;C:\Users\minjo\AppData\Roaming\npm;C:\Program Files\JetBrains\IntelliJ IDEA 2023.1.1\bin;;C:\Program Files\MariaDB 10.11\bin;
USERNAME=minjo
OS=Windows_NT
PROCESSOR_IDENTIFIER=Intel64 Family 6 Model 140 Stepping 1, GenuineIntel



---------------  S Y S T E M  ---------------

OS: Windows 11 , 64 bit Build 22621 (10.0.22621.1635)
OS uptime: 0 days 3:31 hours
HyperV virtualization detected

CPU:total 8 (initial active 8) (4 cores per cpu, 2 threads per core) family 6 model 140 stepping 1, cmov, cx8, fxsr, mmx, sse, sse2, sse3, ssse3, sse4.1, sse4.2, popcnt, avx, avx2, aes, clmul, erms, 3dnowpref, lzcnt, ht, tsc, tscinvbit, bmi1, bmi2, adx, evex, sha, fma

Memory: 4k page, system-wide physical 7900M (542M free)
TotalPageFile size 16092M (AvailPageFile size 113M)
current process WorkingSet (physical memory assigned to process): 11M, peak: 11M
current process commit charge ("private bytes"): 58M, peak: 181M

vm_info: OpenJDK 64-Bit Server VM (13.0.14+5-MTS) for windows-amd64 JRE (13.0.14+5-MTS) (Zulu13.54+17-CA), built on Jan  7 2023 17:55:36 by "zulu_re" with MS VC++ 15.9 (VS2017)

END.
